20.3.2025, 8:05:23 - INFO - Server ready at port 3030
20.3.2025, 8:19:33 - INFO - Server ready at port 3030
20.3.2025, 8:20:33 - INFO - Server ready at port 3030
20.3.2025, 8:20:50 - INFO - Server ready at port 3030
20.3.2025, 8:21:18 - INFO - Server ready at port 3030
20.3.2025, 8:21:21 - INFO - Server ready at port 3030
20.3.2025, 8:25:06 - INFO - Server ready at port 3030
20.3.2025, 8:25:19 - INFO - Server ready at port 3030
20.3.2025, 8:25:32 - INFO - Server ready at port 3030
20.3.2025, 8:27:31 - INFO - Server ready at port 3030
20.3.2025, 8:29:41 - INFO - Server ready at port 3030
20.3.2025, 8:30:32 - INFO - Server ready at port 3030
20.3.2025, 8:31:31 - INFO - Server ready at port 3030
20.3.2025, 8:31:49 - INFO - Server ready at port 3030
20.3.2025, 8:42:01 - INFO - Server ready at port 3030
20.3.2025, 8:49:27 - INFO - Server ready at port 3030
20.3.2025, 8:57:29 - INFO - Server ready at port 3030
20.3.2025, 8:58:14 - INFO - Server ready at port 3030
20.3.2025, 8:58:36 - INFO - Server ready at port 3030
20.3.2025, 9:01:17 - INFO - Server ready at port 3030
20.3.2025, 9:01:23 - INFO - Server ready at port 3030
20.3.2025, 9:02:31 - INFO - Server ready at port 3030
20.3.2025, 9:27:52 - INFO - Server ready at port 3030
20.3.2025, 9:28:14 - INFO - Server ready at port 3030
20.3.2025, 10:44:38 - INFO - Server ready at port 3030
20.3.2025, 10:46:11 - INFO - Server ready at port 3030
20.3.2025, 10:46:19 - INFO - Server ready at port 3030
20.3.2025, 10:46:37 - INFO - visited bugs | saveseverity=30&_id=abc123
20.3.2025, 10:46:37 - ERROR - Cannot get bug | cannot find bug - saveseverity=30&_id=abc123
20.3.2025, 10:48:29 - INFO - visited bugs | saveseverity=2&_id=abc123
20.3.2025, 10:48:29 - ERROR - Cannot get bug | cannot find bug - saveseverity=2&_id=abc123
20.3.2025, 10:52:48 - INFO - Server ready at port 3030
20.3.2025, 10:52:51 - INFO - Server ready at port 3030
20.3.2025, 10:55:13 - INFO - Server ready at port 3030
20.3.2025, 10:58:33 - INFO - visited bugs | abc123
20.3.2025, 10:58:36 - INFO - visited bugs | abc123
20.3.2025, 10:58:38 - INFO - visited bugs | def456
20.3.2025, 10:58:39 - INFO - visited bugs | ghi789
20.3.2025, 10:58:42 - INFO - visited bugs | def456
20.3.2025, 10:58:44 - INFO - visited bugs | jkl012
20.3.2025, 10:58:58 - INFO - visited bugs | jkl012
20.3.2025, 10:59:16 - INFO - visited bugs | abc123
20.3.2025, 10:59:42 - INFO - visited bugs | abc123
20.3.2025, 10:59:52 - INFO - visited bugs | abc123
20.3.2025, 10:59:55 - INFO - visited bugs | abc123
20.3.2025, 11:00:33 - INFO - visited bugs | abc123
20.3.2025, 11:00:42 - INFO - visited bugs | def456
20.3.2025, 11:00:46 - INFO - visited bugs | ghi789
20.3.2025, 11:00:48 - INFO - visited bugs | jkl012
20.3.2025, 11:00:52 - INFO - visited bugs | vwx234
20.3.2025, 11:00:59 - INFO - visited bugs | vwx234
20.3.2025, 11:01:01 - INFO - visited bugs | vwx234
20.3.2025, 11:01:03 - INFO - visited bugs | vwx234
20.3.2025, 11:01:05 - INFO - visited bugs | stu901
20.3.2025, 11:01:06 - INFO - visited bugs | pqr678
20.3.2025, 11:01:07 - INFO - visited bugs | mno345
20.3.2025, 11:01:45 - INFO - Server ready at port 3030
20.3.2025, 11:01:47 - INFO - visited bugs | mno345
20.3.2025, 11:01:49 - INFO - visited bugs | abc123
20.3.2025, 11:01:51 - INFO - visited bugs | def456
20.3.2025, 11:01:53 - INFO - visited bugs | ghi789
20.3.2025, 11:02:01 - INFO - visited bugs | jkl012
20.3.2025, 11:02:03 - INFO - visited bugs | vwx234
20.3.2025, 11:02:23 - INFO - Server ready at port 3030
20.3.2025, 11:02:26 - INFO - visited bugs | abc123
20.3.2025, 11:02:28 - INFO - visited bugs | def456
20.3.2025, 11:02:29 - INFO - visited bugs | ghi789
20.3.2025, 11:02:32 - INFO - visited bugs | ghi789
20.3.2025, 11:02:34 - INFO - visited bugs | jkl012
20.3.2025, 11:02:39 - INFO - visited bugs | vwx234
20.3.2025, 11:02:45 - INFO - visited bugs | abc123
20.3.2025, 11:02:48 - INFO - visited bugs | def456
20.3.2025, 11:02:49 - INFO - visited bugs | ghi789
20.3.2025, 11:03:01 - INFO - visited bugs | abc123
20.3.2025, 11:03:02 - INFO - visited bugs | def456
20.3.2025, 11:03:04 - INFO - visited bugs | ghi789
20.3.2025, 11:03:32 - INFO - Server ready at port 3030
20.3.2025, 11:03:34 - INFO - visited bugs | abc123
20.3.2025, 11:03:35 - INFO - visited bugs | def456
20.3.2025, 11:03:42 - INFO - visited bugs | ghi789
20.3.2025, 11:05:42 - INFO - Server ready at port 3030
20.3.2025, 11:05:44 - INFO - visited bugs | ghi789
20.3.2025, 11:05:47 - INFO - visited bugs | abc123
20.3.2025, 11:05:49 - INFO - visited bugs | def456
20.3.2025, 11:05:50 - INFO - visited bugs | ghi789
20.3.2025, 11:05:51 - INFO - visited bugs | jkl012
20.3.2025, 11:05:59 - INFO - visited bugs | jkl012
20.3.2025, 11:06:02 - INFO - Server ready at port 3030
20.3.2025, 11:06:03 - INFO - Server ready at port 3030
20.3.2025, 11:06:05 - INFO - visited bugs | abc123
20.3.2025, 11:06:09 - INFO - visited bugs | def456
20.3.2025, 11:06:11 - INFO - visited bugs | ghi789
20.3.2025, 11:06:14 - INFO - visited bugs | jkl012
20.3.2025, 11:06:19 - INFO - visited bugs | jkl012
20.3.2025, 11:06:20 - INFO - visited bugs | jkl012
20.3.2025, 11:06:21 - INFO - visited bugs | jkl012
20.3.2025, 11:06:22 - INFO - visited bugs | vwx234
20.3.2025, 11:06:24 - INFO - visited bugs | stu901
20.3.2025, 11:06:25 - INFO - visited bugs | pqr678
20.3.2025, 11:06:26 - INFO - visited bugs | mno345
20.3.2025, 11:08:26 - INFO - visited bugs | abc123
20.3.2025, 11:08:33 - INFO - visited bugs | def456
20.3.2025, 11:08:38 - INFO - visited bugs | ghi789
20.3.2025, 11:08:43 - INFO - visited bugs | jkl012
20.3.2025, 11:12:09 - INFO - Server ready at port 3030
20.3.2025, 11:26:32 - INFO - visited bugs | abc123
20.3.2025, 11:26:34 - INFO - visited bugs | def456
20.3.2025, 11:26:38 - INFO - visited bugs | ghi789
20.3.2025, 11:26:39 - INFO - visited bugs | jkl012
20.3.2025, 11:26:47 - INFO - visited bugs | jkl012
20.3.2025, 12:34:37 - INFO - visited bugs | abc123
23.3.2025, 12:35:47 - INFO - Server ready at port 3030
23.3.2025, 12:36:01 - INFO - visited bugs | abc123
23.3.2025, 12:51:26 - INFO - Server ready at port 3030
23.3.2025, 12:53:42 - INFO - Server ready at port 3030
23.3.2025, 12:53:58 - INFO - Server ready at port 3030
23.3.2025, 12:54:28 - INFO - Server ready at port 3030
23.3.2025, 12:56:42 - INFO - Server ready at port 3030
23.3.2025, 12:58:25 - INFO - Server ready at port 3030
23.3.2025, 12:58:40 - INFO - Server ready at port 3030
23.3.2025, 12:59:55 - INFO - Server ready at port 3030
23.3.2025, 13:00:00 - INFO - Server ready at port 3030
23.3.2025, 13:03:39 - INFO - Server ready at port 3030
23.3.2025, 13:03:46 - INFO - Server ready at port 3030
23.3.2025, 13:04:36 - INFO - Server ready at port 3030
23.3.2025, 13:06:53 - INFO - Server ready at port 3030
23.3.2025, 13:07:21 - INFO - Server ready at port 3030
24.3.2025, 9:05:28 - INFO - Server ready at port 3030
24.3.2025, 11:07:38 - INFO - Server ready at port 3030
24.3.2025, 11:07:44 - INFO - Server ready at port 3030
24.3.2025, 11:07:46 - INFO - Server ready at port 3030
24.3.2025, 11:08:41 - INFO - Server ready at port 3030
24.3.2025, 11:09:11 - INFO - Server ready at port 3030
24.3.2025, 11:10:13 - INFO - Server ready at port 3030
24.3.2025, 11:10:38 - INFO - Server ready at port 3030
24.3.2025, 11:11:10 - INFO - Server ready at port 3030
24.3.2025, 11:17:02 - INFO - Server ready at port 3030
24.3.2025, 11:17:39 - INFO - Server ready at port 3030
24.3.2025, 11:23:09 - INFO - Server ready at port 3030
24.3.2025, 11:25:45 - INFO - Server ready at port 3030
24.3.2025, 11:28:23 - INFO - Server ready at port 3030
24.3.2025, 11:28:57 - INFO - Server ready at port 3030
24.3.2025, 11:34:42 - INFO - Server ready at port 3030
24.3.2025, 11:36:05 - INFO - Server ready at port 3030
24.3.2025, 11:37:08 - INFO - Server ready at port 3030
24.3.2025, 11:37:23 - INFO - Server ready at port 3030
24.3.2025, 11:37:31 - INFO - Server ready at port 3030
24.3.2025, 11:38:28 - INFO - Server ready at port 3030
24.3.2025, 11:40:28 - INFO - Server ready at port 3030
24.3.2025, 11:41:17 - INFO - Server ready at port 3030
24.3.2025, 11:41:42 - INFO - Server ready at port 3030
24.3.2025, 11:41:56 - INFO - Server ready at port 3030
24.3.2025, 11:42:03 - INFO - Server ready at port 3030
24.3.2025, 11:42:07 - INFO - Server ready at port 3030
24.3.2025, 11:42:31 - INFO - Server ready at port 3030
24.3.2025, 11:42:36 - INFO - Server ready at port 3030
24.3.2025, 13:13:10 - INFO - Server ready at port 3030
24.3.2025, 13:13:31 - INFO - Server ready at port 3030
24.3.2025, 13:15:12 - INFO - Server ready at port 3030
24.3.2025, 13:16:08 - INFO - Server ready at port 3030
24.3.2025, 13:17:25 - INFO - Server ready at port 3030
24.3.2025, 13:20:50 - INFO - Server ready at port 3030
24.3.2025, 13:21:40 - INFO - Server ready at port 3030
24.3.2025, 13:22:40 - INFO - Server ready at port 3030
24.3.2025, 13:25:01 - INFO - Server ready at port 3030
24.3.2025, 13:27:36 - INFO - Server ready at port 3030
24.3.2025, 13:29:39 - INFO - Server ready at port 3030
24.3.2025, 13:29:40 - ERROR - Cannot get bugs | TypeError: bugs is not a function
24.3.2025, 13:29:58 - INFO - Server ready at port 3030
24.3.2025, 13:30:00 - INFO - Server ready at port 3030
24.3.2025, 13:31:43 - INFO - visited bugs | def456
24.3.2025, 13:31:45 - INFO - visited bugs | def456
24.3.2025, 13:34:15 - INFO - Server ready at port 3030
24.3.2025, 15:14:52 - INFO - Server ready at port 3030
24.3.2025, 15:14:55 - INFO - Server ready at port 3030
27.3.2025, 8:44:15 - INFO - Server ready at port 3030
27.3.2025, 8:44:59 - INFO - Server ready at port 3030
27.3.2025, 8:47:00 - INFO - Server ready at port 3030
27.3.2025, 8:50:01 - INFO - Server ready at port 3030
27.3.2025, 8:50:52 - INFO - Server ready at port 3030
27.3.2025, 8:54:31 - INFO - Server ready at port 3030
27.3.2025, 8:56:57 - INFO - Server ready at port 3030
27.3.2025, 8:57:08 - INFO - visited bugs | save
27.3.2025, 8:57:08 - ERROR - Cannot get bug | cannot find bug - save
27.3.2025, 9:02:24 - INFO - Server ready at port 3030
27.3.2025, 9:02:26 - INFO - Server ready at port 3030
27.3.2025, 9:05:25 - INFO - Server ready at port 3030
27.3.2025, 9:05:52 - INFO - Server ready at port 3030
27.3.2025, 9:10:15 - INFO - Server ready at port 3030
27.3.2025, 9:11:01 - INFO - Server ready at port 3030
27.3.2025, 9:13:10 - INFO - Server ready at port 3030
27.3.2025, 9:13:47 - INFO - visited bugs | def456
27.3.2025, 9:14:03 - INFO - visited bugs | RLfGS
27.3.2025, 9:19:06 - INFO - Server ready at port 3030
27.3.2025, 9:24:39 - INFO - visited bugs | def456
27.3.2025, 9:36:38 - INFO - Server ready at port 3030
27.3.2025, 9:40:30 - INFO - Server ready at port 3030
27.3.2025, 9:55:22 - INFO - Server ready at port 3030
27.3.2025, 9:56:05 - INFO - Server ready at port 3030
27.3.2025, 9:58:32 - INFO - Server ready at port 3030
27.3.2025, 9:58:46 - INFO - Server ready at port 3030
27.3.2025, 9:59:37 - INFO - Server ready at port 3030
27.3.2025, 9:59:51 - INFO - Server ready at port 3030
27.3.2025, 10:00:33 - INFO - Server ready at port 3030
27.3.2025, 10:02:12 - INFO - Server ready at port 3030
27.3.2025, 10:07:31 - INFO - Server ready at port 3030
27.3.2025, 10:08:43 - INFO - Server ready at port 3030
27.3.2025, 10:08:45 - ERROR - Cannot get bugs | ReferenceError: cars is not defined
27.3.2025, 10:09:14 - ERROR - Cannot get bugs | ReferenceError: cars is not defined
27.3.2025, 10:09:16 - ERROR - Cannot get bugs | ReferenceError: cars is not defined
27.3.2025, 10:10:51 - INFO - Server ready at port 3030
27.3.2025, 10:10:55 - ERROR - Cannot get bugs | ReferenceError: cars is not defined
27.3.2025, 10:11:01 - ERROR - Cannot get bugs | ReferenceError: cars is not defined
27.3.2025, 10:11:19 - INFO - Server ready at port 3030
27.3.2025, 10:11:43 - INFO - Server ready at port 3030
27.3.2025, 10:12:51 - INFO - Server ready at port 3030
27.3.2025, 10:13:53 - INFO - Server ready at port 3030
27.3.2025, 10:15:16 - INFO - Server ready at port 3030
27.3.2025, 10:15:24 - INFO - Server ready at port 3030
27.3.2025, 10:16:05 - INFO - Server ready at port 3030
27.3.2025, 10:16:23 - INFO - Server ready at port 3030
27.3.2025, 10:17:21 - INFO - Server ready at port 3030
27.3.2025, 10:19:22 - INFO - visited bugs | pageIdx=1
27.3.2025, 10:19:22 - ERROR - Cannot get bug | cannot find bug - pageIdx=1
27.3.2025, 10:19:27 - INFO - visited bugs | pageIdx=2
27.3.2025, 10:19:27 - ERROR - Cannot get bug | cannot find bug - pageIdx=2
27.3.2025, 10:20:59 - INFO - Server ready at port 3030
27.3.2025, 10:24:31 - INFO - Server ready at port 3030
27.3.2025, 10:24:37 - INFO - Server ready at port 3030
27.3.2025, 10:27:20 - INFO - Server ready at port 3030
27.3.2025, 13:03:20 - INFO - Server ready at port 3030
27.3.2025, 13:08:51 - INFO - Server ready at port 3030
27.3.2025, 13:25:04 - INFO - Server ready at port 3030
27.3.2025, 13:25:39 - INFO - Server ready at port 3030
27.3.2025, 13:29:40 - INFO - Server ready at port 3030
27.3.2025, 13:29:58 - INFO - Server ready at port 3030
27.3.2025, 13:30:20 - INFO - Server ready at port 3030
27.3.2025, 13:32:38 - INFO - Server ready at port 3030
27.3.2025, 13:44:37 - INFO - Server ready at port 3030
27.3.2025, 13:46:17 - INFO - Server ready at port 3030
27.3.2025, 13:46:33 - INFO - Server ready at port 3030
27.3.2025, 13:46:42 - INFO - Server ready at port 3030
27.3.2025, 13:47:03 - INFO - Server ready at port 3030
27.3.2025, 13:47:11 - INFO - Server ready at port 3030
27.3.2025, 13:47:22 - INFO - Server ready at port 3030
27.3.2025, 13:47:38 - INFO - Server ready at port 3030
27.3.2025, 13:47:44 - INFO - Server ready at port 3030
27.3.2025, 13:48:19 - INFO - Server ready at port 3030
27.3.2025, 13:48:27 - INFO - Server ready at port 3030
27.3.2025, 13:49:05 - INFO - Server ready at port 3030
27.3.2025, 13:49:15 - INFO - Server ready at port 3030
27.3.2025, 13:49:22 - INFO - Server ready at port 3030
27.3.2025, 13:50:34 - INFO - Server ready at port 3030
27.3.2025, 13:50:41 - INFO - Server ready at port 3030
27.3.2025, 13:53:19 - INFO - Server ready at port 3030
27.3.2025, 13:53:42 - INFO - Server ready at port 3030
27.3.2025, 13:54:18 - INFO - Server ready at port 3030
27.3.2025, 13:54:37 - INFO - Server ready at port 3030
27.3.2025, 13:54:59 - INFO - Server ready at port 3030
27.3.2025, 13:55:15 - INFO - Server ready at port 3030
27.3.2025, 13:55:22 - INFO - Server ready at port 3030
27.3.2025, 13:55:31 - INFO - Server ready at port 3030
27.3.2025, 13:55:35 - INFO - Server ready at port 3030
27.3.2025, 13:56:03 - INFO - Server ready at port 3030
27.3.2025, 13:56:13 - INFO - Server ready at port 3030
27.3.2025, 13:56:32 - INFO - Server ready at port 3030
27.3.2025, 13:57:04 - INFO - Server ready at port 3030
27.3.2025, 13:57:10 - INFO - Server ready at port 3030
27.3.2025, 14:15:59 - INFO - Server ready at port 3030
27.3.2025, 14:16:32 - INFO - Server ready at port 3030
27.3.2025, 14:17:06 - INFO - Server ready at port 3030
27.3.2025, 14:33:51 - INFO - Server ready at port 3030
27.3.2025, 15:04:30 - INFO - Server ready at port 3030
27.3.2025, 15:09:14 - INFO - Server ready at port 3030
27.3.2025, 15:11:02 - INFO - Server ready at port 3030
27.3.2025, 15:47:41 - INFO - Server ready at port 3030
27.3.2025, 15:59:03 - INFO - Server ready at port 3030
27.3.2025, 15:59:11 - INFO - Server ready at port 3030
27.3.2025, 15:59:54 - INFO - Server ready at port 3030
27.3.2025, 16:00:08 - INFO - Server ready at port 3030
27.3.2025, 16:00:37 - INFO - Server ready at port 3030
27.3.2025, 16:00:47 - INFO - Server ready at port 3030
27.3.2025, 16:01:08 - INFO - Server ready at port 3030
27.3.2025, 16:01:20 - INFO - Server ready at port 3030
27.3.2025, 16:03:37 - INFO - Server ready at port 3030
27.3.2025, 18:08:37 - INFO - Server ready at port 3030
2.4.2025, 17:57:00 - INFO - Server ready at port 3030
2.4.2025, 18:01:39 - INFO - Server ready at port 3030
2.4.2025, 18:05:27 - INFO - Server ready at port 3030
2.4.2025, 18:27:43 - INFO - Server ready at port 3030
2.4.2025, 18:39:03 - INFO - Server ready at port 3030
2.4.2025, 18:39:04 - INFO - Server ready at port 3030
2.4.2025, 18:39:42 - INFO - Server ready at port 3030
2.4.2025, 18:39:52 - INFO - Server ready at port 3030
2.4.2025, 18:41:35 - INFO - Server ready at port 3030
2.4.2025, 18:43:34 - INFO - Server ready at port 3030
2.4.2025, 18:43:59 - ERROR - Cannot find users | User Not Found!
2.4.2025, 18:44:09 - INFO - Server ready at port 3030
2.4.2025, 18:52:18 - INFO - Server ready at port 3030
2.4.2025, 19:00:40 - INFO - Server ready at port 3030
2.4.2025, 19:19:19 - INFO - Server ready at port 3030
2.4.2025, 19:25:46 - INFO - Server ready at port 3030
2.4.2025, 19:30:40 - INFO - Server ready at port 3030
2.4.2025, 19:31:54 - INFO - Server ready at port 3030
2.4.2025, 19:32:10 - INFO - Server ready at port 3030
2.4.2025, 19:34:12 - INFO - Server ready at port 3030
2.4.2025, 19:34:55 - INFO - Server ready at port 3030
2.4.2025, 19:35:00 - INFO - Server ready at port 3030
2.4.2025, 19:36:45 - INFO - Server ready at port 3030
2.4.2025, 19:36:49 - INFO - Server ready at port 3030
2.4.2025, 19:38:29 - INFO - Server ready at port 3030
2.4.2025, 19:39:21 - INFO - Server ready at port 3030
2.4.2025, 20:12:20 - INFO - Server ready at port 3030
2.4.2025, 20:14:56 - INFO - Server ready at port 3030
2.4.2025, 20:15:42 - INFO - Server ready at port 3030
2.4.2025, 20:18:05 - INFO - Server ready at port 3030
2.4.2025, 20:18:17 - INFO - Server ready at port 3030
2.4.2025, 20:18:40 - INFO - Server ready at port 3030
2.4.2025, 20:19:08 - INFO - Server ready at port 3030
2.4.2025, 20:19:37 - INFO - Server ready at port 3030
2.4.2025, 20:29:23 - INFO - Server ready at port 3030
2.4.2025, 20:30:06 - INFO - Server ready at port 3030
2.4.2025, 20:36:22 - INFO - Server ready at port 3030
2.4.2025, 20:37:36 - INFO - Server ready at port 3030
2.4.2025, 20:40:05 - INFO - Server ready at port 3030
2.4.2025, 20:40:35 - INFO - Server ready at port 3030
2.4.2025, 21:19:07 - INFO - Server ready at port 3030
2.4.2025, 21:21:29 - INFO - visited bugs | pqr678
2.4.2025, 21:21:32 - INFO - visited bugs | jkl012
2.4.2025, 21:22:12 - INFO - Server ready at port 3030
2.4.2025, 21:29:36 - INFO - Server ready at port 3030
2.4.2025, 21:35:42 - INFO - Server ready at port 3030
2.4.2025, 21:43:24 - INFO - Server ready at port 3030
2.4.2025, 21:44:11 - INFO - Server ready at port 3030
2.4.2025, 21:44:43 - INFO - Server ready at port 3030
2.4.2025, 21:44:56 - INFO - Server ready at port 3030
2.4.2025, 21:46:13 - INFO - Server ready at port 3030
2.4.2025, 21:48:40 - INFO - Server ready at port 3030
2.4.2025, 21:50:15 - INFO - Server ready at port 3030
2.4.2025, 22:57:56 - INFO - Server ready at port 3030
2.4.2025, 22:58:38 - INFO - Server ready at port 3030
2.4.2025, 22:59:18 - INFO - Server ready at port 3030
2.4.2025, 22:59:39 - INFO - Server ready at port 3030
2.4.2025, 22:59:55 - INFO - Server ready at port 3030
2.4.2025, 23:00:41 - INFO - Server ready at port 3030
2.4.2025, 23:02:25 - INFO - Server ready at port 3030
2.4.2025, 23:02:46 - INFO - Server ready at port 3030
2.4.2025, 23:02:53 - INFO - Server ready at port 3030
2.4.2025, 23:02:59 - INFO - Server ready at port 3030
2.4.2025, 23:04:28 - INFO - Server ready at port 3030
3.4.2025, 0:21:08 - INFO - Server ready at port 3030
3.4.2025, 0:21:13 - INFO - Server ready at port 3030
3.4.2025, 0:24:04 - INFO - Server ready at port 3030
3.4.2025, 0:24:11 - INFO - Server ready at port 3030
3.4.2025, 0:27:10 - INFO - Server ready at port 3030
3.4.2025, 0:28:31 - INFO - Server ready at port 3030
3.4.2025, 0:38:16 - INFO - Server ready at port 3030
3.4.2025, 3:20:15 - INFO - visited bugs | pqr678
3.4.2025, 3:27:29 - INFO - Server ready at port 3030
3.4.2025, 4:50:34 - INFO - visited bugs | tl3ps
4.4.2025, 20:22:50 - INFO - Server ready at port 3030
4.4.2025, 20:31:17 - INFO - Server ready at port 3030
4.4.2025, 21:10:37 - INFO - Server ready at port 3030
4.4.2025, 21:13:48 - INFO - Server ready at port 3030
4.4.2025, 21:27:15 - INFO - Server ready at port 3030
4.4.2025, 21:29:07 - INFO - Server ready at port 3030
4.4.2025, 21:29:30 - INFO - Server ready at port 3030
4.4.2025, 21:29:32 - INFO - Server ready at port 3030
4.4.2025, 21:31:32 - INFO - Server ready at port 3030
4.4.2025, 21:33:50 - INFO - Server ready at port 3030
4.4.2025, 21:34:04 - ERROR - Cannot remove bug | Im not your bug
5.4.2025, 16:42:13 - ERROR - Cannot remove bug | Im not your bug
5.4.2025, 16:43:43 - ERROR - Cannot remove bug | Im not your bug
5.4.2025, 16:47:00 - INFO - Server ready at port 3030
5.4.2025, 16:55:57 - INFO - Server ready at port 3030
5.4.2025, 16:56:22 - ERROR - Cannot remove bug | Im not your bug
5.4.2025, 16:56:49 - INFO - visited bugs | UMJOz
5.4.2025, 16:57:12 - INFO - Server ready at port 3030
5.4.2025, 16:57:18 - INFO - visited bugs | UMJOz
5.4.2025, 16:59:31 - INFO - Server ready at port 3030
5.4.2025, 16:59:32 - INFO - Server ready at port 3030
5.4.2025, 16:59:34 - INFO - visited bugs | UMJOz
5.4.2025, 16:59:47 - INFO - visited bugs | UMJOz
5.4.2025, 17:07:24 - INFO - Server ready at port 3030
5.4.2025, 17:08:19 - INFO - Server ready at port 3030
5.4.2025, 17:08:28 - INFO - visited bugs | UMJOz
5.4.2025, 17:08:51 - ERROR - Cannot remove bug | Im not your bug
5.4.2025, 17:08:55 - ERROR - Cannot Update bug | Im not your bug
5.4.2025, 17:15:06 - INFO - Server ready at port 3030
5.4.2025, 17:18:33 - INFO - Server ready at port 3030
5.4.2025, 17:23:48 - INFO - visited bugs | CBVRU
5.4.2025, 17:23:52 - INFO - visited bugs | CBVRU
5.4.2025, 17:23:54 - INFO - visited bugs | tl3ps
5.4.2025, 17:23:56 - INFO - visited bugs | wF3Xf
5.4.2025, 17:23:58 - INFO - visited bugs | UMJOz
5.4.2025, 17:24:03 - INFO - visited bugs | UMJOz
5.4.2025, 17:24:09 - INFO - visited bugs | wF3Xf
5.4.2025, 17:24:10 - INFO - visited bugs | UMJOz
5.4.2025, 17:24:15 - INFO - visited bugs | UMJOz
5.4.2025, 17:24:21 - INFO - visited bugs | tl3ps
5.4.2025, 17:24:22 - INFO - visited bugs | wF3Xf
5.4.2025, 17:24:24 - INFO - visited bugs | UMJOz
5.4.2025, 17:24:26 - INFO - visited bugs | wfawE
5.4.2025, 17:24:34 - INFO - visited bugs | wfawE
5.4.2025, 17:24:39 - INFO - visited bugs | qLEdY
5.4.2025, 17:24:41 - INFO - visited bugs | UMJOz
5.4.2025, 17:24:44 - INFO - visited bugs | wF3Xf
5.4.2025, 17:24:47 - INFO - visited bugs | FJc4w
5.4.2025, 17:24:54 - INFO - visited bugs | FJc4w
5.4.2025, 17:31:20 - INFO - Server ready at port 3030
5.4.2025, 17:31:41 - INFO - Server ready at port 3030
5.4.2025, 17:31:58 - INFO - Server ready at port 3030
5.4.2025, 17:32:28 - INFO - Server ready at port 3030
5.4.2025, 17:33:30 - INFO - Server ready at port 3030
5.4.2025, 17:34:05 - INFO - Server ready at port 3030
5.4.2025, 17:35:23 - INFO - Server ready at port 3030
5.4.2025, 18:11:00 - INFO - Server ready at port 3030
5.4.2025, 18:11:36 - INFO - Server ready at port 3030
5.4.2025, 18:15:37 - INFO - Server ready at port 3030
5.4.2025, 18:16:53 - INFO - Server ready at port 3030
5.4.2025, 18:17:04 - INFO - Server ready at port 3030
5.4.2025, 18:17:23 - INFO - Server ready at port 3030
5.4.2025, 18:17:45 - INFO - Server ready at port 3030
5.4.2025, 18:17:57 - INFO - Server ready at port 3030
5.4.2025, 18:18:08 - INFO - Server ready at port 3030
5.4.2025, 18:18:33 - INFO - Server ready at port 3030
5.4.2025, 18:19:04 - INFO - Server ready at port 3030
5.4.2025, 18:19:11 - INFO - Server ready at port 3030
5.4.2025, 18:19:18 - INFO - Server ready at port 3030
5.4.2025, 18:21:04 - INFO - Server ready at port 3030
5.4.2025, 18:21:37 - INFO - Server ready at port 3030
5.4.2025, 18:21:39 - INFO - visited bugs | FJc4w
5.4.2025, 18:22:04 - INFO - Server ready at port 3030
5.4.2025, 18:22:05 - INFO - visited bugs | FJc4w
5.4.2025, 18:22:08 - INFO - visited bugs | FJc4w
5.4.2025, 18:22:10 - INFO - visited bugs | CBVRU
5.4.2025, 18:22:47 - INFO - visited bugs | FJc4w
5.4.2025, 18:22:48 - INFO - visited bugs | CBVRU
5.4.2025, 18:22:49 - INFO - visited bugs | wF3Xf
5.4.2025, 18:22:51 - INFO - visited bugs | tl3ps
5.4.2025, 18:22:53 - INFO - visited bugs | tl3ps
5.4.2025, 18:22:56 - INFO - visited bugs | tl3ps
5.4.2025, 18:22:59 - INFO - visited bugs | tl3ps
